<?xml version="1.0" encoding="UTF-8"?>
<!-- Generated by org.testng.reporters.JUnitReportReporter -->
<testsuite hostname="LAPTOP-KFHMCOKC" failures="0" tests="1" name="com.training.sanity.tests.UniformDataDrivenCreateCategoryAndProductUNF_78" time="34.376" errors="0" timestamp="2019-11-05T01:35:24 IST" skipped="0">
  <testcase classname="com.training.sanity.tests.UniformDataDrivenCreateCategoryAndProductUNF_78" name="createCategoryAndProduct" time="34.376"/>
</testsuite> <!-- com.training.sanity.tests.UniformDataDrivenCreateCategoryAndProductUNF_78 -->
