<?xml version="1.0" encoding="UTF-8"?>
<!-- Generated by org.testng.reporters.JUnitReportReporter -->
<testsuite hostname="LAPTOP-KFHMCOKC" failures="0" tests="1" name="com.training.sanity.tests.UniformDeleteOrderUNF_018" time="23.433" errors="0" timestamp="2019-10-24T01:30:58 IST" skipped="0">
  <testcase classname="com.training.sanity.tests.UniformDeleteOrderUNF_018" name="identifyReturnedOrder" time="23.433"/>
</testsuite> <!-- com.training.sanity.tests.UniformDeleteOrderUNF_018 -->
