<?xml version="1.0" encoding="UTF-8"?>
<!-- Generated by org.testng.reporters.JUnitReportReporter -->
<testsuite hostname="LAPTOP-KFHMCOKC" failures="0" tests="1" name="com.training.sanity.tests.UniformEditOrderUNF_46" time="36.586" errors="0" timestamp="2019-11-01T19:33:51 IST" skipped="0">
  <testcase classname="com.training.sanity.tests.UniformEditOrderUNF_46" name="modifyOrder" time="36.586"/>
</testsuite> <!-- com.training.sanity.tests.UniformEditOrderUNF_46 -->
