<?xml version="1.0" encoding="UTF-8"?>
<!-- Generated by org.testng.reporters.JUnitReportReporter -->
<testsuite hostname="LAPTOP-KFHMCOKC" failures="0" tests="1" name="com.training.sanity.tests.UniformCreateCategoryAndProductUNF_48" time="22.627" errors="0" timestamp="2019-11-02T00:09:31 IST" skipped="0">
  <testcase classname="com.training.sanity.tests.UniformCreateCategoryAndProductUNF_48" name="createCategoryAndProduct" time="22.627"/>
</testsuite> <!-- com.training.sanity.tests.UniformCreateCategoryAndProductUNF_48 -->
