<?xml version="1.0" encoding="UTF-8"?>
<!-- Generated by org.testng.reporters.JUnitReportReporter -->
<testsuite hostname="LAPTOP-KFHMCOKC" failures="0" tests="1" name="com.training.sanity.tests.UniformCustomerListUNF_017" time="18.840" errors="0" timestamp="2019-10-24T12:34:27 IST" skipped="0">
  <testcase classname="com.training.sanity.tests.UniformCustomerListUNF_017" name="filterCustomer" time="18.840"/>
</testsuite> <!-- com.training.sanity.tests.UniformCustomerListUNF_017 -->
