<?xml version="1.0" encoding="UTF-8"?>
<!-- Generated by org.testng.reporters.JUnitReportReporter -->
<testsuite hostname="LAPTOP-KFHMCOKC" failures="0" tests="1" name="com.training.sanity.tests.UniformFilterOrderUNF_47" time="20.110" errors="0" timestamp="2019-10-31T13:15:47 IST" skipped="0">
  <testcase classname="com.training.sanity.tests.UniformFilterOrderUNF_47" name="filterOrder" time="20.110"/>
</testsuite> <!-- com.training.sanity.tests.UniformFilterOrderUNF_47 -->
