<?xml version="1.0" encoding="UTF-8"?>
<!-- Generated by org.testng.reporters.JUnitReportReporter -->
<testsuite hostname="LAPTOP-KFHMCOKC" failures="0" tests="4" name="com.training.sanity.tests.UniformExcelDrivenEditOrderUNF_77" time="211.728" errors="0" timestamp="2019-11-04T12:42:35 IST" skipped="0">
  <testcase classname="com.training.sanity.tests.UniformExcelDrivenEditOrderUNF_77" name="modifyOrder" time="37.428"/>
  <testcase classname="com.training.sanity.tests.UniformExcelDrivenEditOrderUNF_77" name="modifyOrder" time="68.990"/>
  <testcase classname="com.training.sanity.tests.UniformExcelDrivenEditOrderUNF_77" name="modifyOrder" time="47.905"/>
  <testcase classname="com.training.sanity.tests.UniformExcelDrivenEditOrderUNF_77" name="modifyOrder" time="57.405"/>
</testsuite> <!-- com.training.sanity.tests.UniformExcelDrivenEditOrderUNF_77 -->
