<?xml version="1.0" encoding="UTF-8"?>
<!-- Generated by org.testng.reporters.JUnitReportReporter -->
<testsuite hostname="LAPTOP-KFHMCOKC" failures="0" tests="1" name="com.training.sanity.tests.UniformDataDrivenEditOrderUNF_76" time="96.445" errors="0" timestamp="2019-11-03T20:21:59 IST" skipped="0">
  <testcase classname="com.training.sanity.tests.UniformDataDrivenEditOrderUNF_76" name="modifyOrder" time="96.445"/>
</testsuite> <!-- com.training.sanity.tests.UniformDataDrivenEditOrderUNF_76 -->
