<?xml version="1.0" encoding="UTF-8"?>
<!-- Generated by org.testng.reporters.JUnitReportReporter -->
<testsuite hostname="LAPTOP-KFHMCOKC" failures="0" tests="1" name="com.training.sanity.tests.UniformFilterOrderUNF_47" time="24.450" errors="0" timestamp="2019-10-31T14:01:28 IST" skipped="0">
  <testcase classname="com.training.sanity.tests.UniformFilterOrderUNF_47" name="filterOrder" time="24.450"/>
</testsuite> <!-- com.training.sanity.tests.UniformFilterOrderUNF_47 -->
