<?xml version="1.0" encoding="UTF-8"?>
<!-- Generated by org.testng.reporters.JUnitReportReporter -->
<testsuite hostname="LAPTOP-KFHMCOKC" failures="0" tests="1" name="com.training.sanity.tests.UniformDeleteOrderUNF_016" time="20.537" errors="0" timestamp="2019-10-23T23:03:29 IST" skipped="0">
  <testcase classname="com.training.sanity.tests.UniformDeleteOrderUNF_016" name="deleteOrder" time="20.537"/>
</testsuite> <!-- com.training.sanity.tests.UniformDeleteOrderUNF_016 -->
